#
# There is insufficient memory for the Java Runtime Environment to continue.
# Native memory allocation (mmap) failed to map 132120576 bytes for G1 virtual space
# Possible reasons:
#   The system is out of physical RAM or swap space
#   The process is running with CompressedOops enabled, and the Java Heap may be blocking the growth of the native heap
# Possible solutions:
#   Reduce memory load on the system
#   Increase physical memory or swap space
#   Check if swap backing store is full
#   Decrease Java heap size (-Xmx/-Xms)
#   Decrease number of Java threads
#   Decrease Java thread stack sizes (-Xss)
#   Set larger code cache with -XX:ReservedCodeCacheSize=
#   JVM is running with Unscaled Compressed Oops mode in which the Java heap is
#     placed in the first 4GB address space. The Java Heap base address is the
#     maximum limit for the native heap growth. Please use -XX:HeapBaseMinAddress
#     to set the Java Heap base and to place the Java Heap above 4GB virtual address.
# This output file may be truncated or incomplete.
#
#  Out of Memory Error (os_windows.cpp:3771), pid=2980, tid=15248
#
# JRE version:  (17.0.7+10) (build )
# Java VM: OpenJDK 64-Bit Server VM (17.0.7+10-b829.16, mixed mode, sharing, tiered, compressed oops, compressed class ptrs, g1 gc, windows-amd64)
# No core dump will be written. Minidumps are not enabled by default on client versions of Windows
#

---------------  S U M M A R Y ------------

Command Line: git4idea.http.GitAskPassApp Username for 'https://github.com': 

Host: 11th Gen Intel(R) Core(TM) i5-11400 @ 2.60GHz, 12 cores, 7G,  Windows 10 , 64 bit Build 19041 (10.0.19041.3031)
Time: Sat Jul 15 04:49:10 2023  Windows 10 , 64 bit Build 19041 (10.0.19041.3031) elapsed time: 0.011844 seconds (0d 0h 0m 0s)

---------------  T H R E A D  ---------------

Current thread (0x000001ea1cbc0af0):  JavaThread "Unknown thread" [_thread_in_vm, id=15248, stack(0x000000565ca00000,0x000000565cb00000)]

Stack: [0x000000565ca00000,0x000000565cb00000]
Native frames: (J=compiled Java code, j=interpreted, Vv=VM code, C=native code)
V  [jvm.dll+0x683cca]
V  [jvm.dll+0x8424b4]
V  [jvm.dll+0x843cae]
V  [jvm.dll+0x844313]
V  [jvm.dll+0x24ad2f]
V  [jvm.dll+0x680b99]
V  [jvm.dll+0x67526a]
V  [jvm.dll+0x30b3cb]
V  [jvm.dll+0x312876]
V  [jvm.dll+0x36221e]
V  [jvm.dll+0x36244f]
V  [jvm.dll+0x2e14a8]
V  [jvm.dll+0x2e2414]
V  [jvm.dll+0x814441]
V  [jvm.dll+0x36ffe1]
V  [jvm.dll+0x7f3a1c]
V  [jvm.dll+0x3f305f]
V  [jvm.dll+0x3f4b91]
C  [jli.dll+0x528f]
C  [ucrtbase.dll+0x21bb2]
C  [KERNEL32.DLL+0x17614]
C  [ntdll.dll+0x526f1]


---------------  P R O C E S S  ---------------

Threads class SMR info:
_java_thread_list=0x00007ff96c0db098, length=0, elements={
}

Java Threads: ( => current thread )

Other Threads:
  0x000001ea1cc1d670 GCTaskThread "GC Thread#0" [stack: 0x000000565cb00000,0x000000565cc00000] [id=24184]
  0x000001ea1cc2e1b0 ConcurrentGCThread "G1 Main Marker" [stack: 0x000000565cc00000,0x000000565cd00000] [id=24400]
  0x000001ea1cc2f360 ConcurrentGCThread "G1 Conc#0" [stack: 0x000000565cd00000,0x000000565ce00000] [id=11384]

[error occurred during error reporting (printing all threads), id 0xc0000005, EXCEPTION_ACCESS_VIOLATION (0xc0000005) at pc=0x00007ff96b892087]

VM state: not at safepoint (not fully initialized)

VM Mutex/Monitor currently owned by a thread:  ([mutex/lock_event])
[0x000001ea1cbbed40] Heap_lock - owner thread: 0x000001ea1cbc0af0

Heap address: 0x0000000082000000, size: 2016 MB, Compressed Oops mode: 32-bit

CDS archive(s) mapped at: [0x0000000000000000-0x0000000000000000-0x0000000000000000), size 0, SharedBaseAddress: 0x0000000800000000, ArchiveRelocationMode: 0.
Narrow klass base: 0x0000000000000000, Narrow klass shift: 0, Narrow klass range: 0x0

GC Precious Log:
<Empty>

Heap:
 garbage-first heap   total 0K, used 0K [0x0000000082000000, 0x0000000100000000)
  region size 1024K, 0 young (0K), 0 survivors (0K)

[error occurred during error reporting (printing heap information), id 0xc0000005, EXCEPTION_ACCESS_VIOLATION (0xc0000005) at pc=0x00007ff96bc7df59]

GC Heap History (0 events):
No events

Dll operation events (1 events):
Event: 0.005 Loaded shared library D:\PyCharm Community Edition 2023.1.3\jbr\bin\java.dll

Deoptimization events (0 events):
No events

Classes unloaded (0 events):
No events

Classes redefined (0 events):
No events

Internal exceptions (0 events):
No events

VM Operations (0 events):
No events

Events (0 events):
No events


Dynamic libraries:
0x00007ff741190000 - 0x00007ff74119a000 	D:\PyCharm Community Edition 2023.1.3\jbr\bin\java.exe
0x00007ffa88890000 - 0x00007ffa88a88000 	C:\Windows\SYSTEM32\ntdll.dll
0x00007ffa88470000 - 0x00007ffa8852f000 	C:\Windows\System32\KERNEL32.DLL
0x00007ffa863f0000 - 0x00007ffa866e6000 	C:\Windows\System32\KERNELBASE.dll
0x00007ffa85fe0000 - 0x00007ffa860e0000 	C:\Windows\System32\ucrtbase.dll
0x00007ffa762f0000 - 0x00007ffa76307000 	D:\PyCharm Community Edition 2023.1.3\jbr\bin\jli.dll
0x00007ffa75580000 - 0x00007ffa7559b000 	D:\PyCharm Community Edition 2023.1.3\jbr\bin\VCRUNTIME140.dll
0x00007ffa881b0000 - 0x00007ffa8834d000 	C:\Windows\System32\USER32.dll
0x00007ffa86810000 - 0x00007ffa86832000 	C:\Windows\System32\win32u.dll
0x00007ffa78c80000 - 0x00007ffa78f1a000 	C:\Windows\WinSxS\amd64_microsoft.windows.common-controls_6595b64144ccf1df_6.0.19041.1110_none_60b5254171f9507e\COMCTL32.dll
0x00007ffa86c50000 - 0x00007ffa86c7c000 	C:\Windows\System32\GDI32.dll
0x00007ffa87d30000 - 0x00007ffa87dce000 	C:\Windows\System32\msvcrt.dll
0x00007ffa866f0000 - 0x00007ffa86805000 	C:\Windows\System32\gdi32full.dll
0x00007ffa86350000 - 0x00007ffa863ed000 	C:\Windows\System32\msvcp_win.dll
0x00007ffa86af0000 - 0x00007ffa86b20000 	C:\Windows\System32\IMM32.DLL
0x00007ffa81840000 - 0x00007ffa8184c000 	D:\PyCharm Community Edition 2023.1.3\jbr\bin\vcruntime140_1.dll
0x00007ffa416d0000 - 0x00007ffa4175d000 	D:\PyCharm Community Edition 2023.1.3\jbr\bin\msvcp140.dll
0x00007ff96b5a0000 - 0x00007ff96c20e000 	D:\PyCharm Community Edition 2023.1.3\jbr\bin\server\jvm.dll
0x00007ffa87fe0000 - 0x00007ffa8808f000 	C:\Windows\System32\ADVAPI32.dll
0x00007ffa886e0000 - 0x00007ffa8877c000 	C:\Windows\System32\sechost.dll
0x00007ffa86b20000 - 0x00007ffa86c46000 	C:\Windows\System32\RPCRT4.dll
0x00007ff9f7120000 - 0x00007ff9f7129000 	C:\Windows\SYSTEM32\WSOCK32.dll
0x00007ffa80710000 - 0x00007ffa8071a000 	C:\Windows\SYSTEM32\VERSION.dll
0x00007ffa7c410000 - 0x00007ffa7c437000 	C:\Windows\SYSTEM32\WINMM.dll
0x00007ffa87f60000 - 0x00007ffa87fcb000 	C:\Windows\System32\WS2_32.dll
0x00007ffa84800000 - 0x00007ffa84812000 	C:\Windows\SYSTEM32\kernel.appcore.dll
0x00007ffa82ab0000 - 0x00007ffa82aba000 	D:\PyCharm Community Edition 2023.1.3\jbr\bin\jimage.dll
0x00007ffa83a30000 - 0x00007ffa83c14000 	C:\Windows\SYSTEM32\DBGHELP.DLL
0x00007ffa72220000 - 0x00007ffa72254000 	C:\Windows\SYSTEM32\dbgcore.DLL
0x00007ffa860e0000 - 0x00007ffa86162000 	C:\Windows\System32\bcryptPrimitives.dll
0x00007ffa76c30000 - 0x00007ffa76c55000 	D:\PyCharm Community Edition 2023.1.3\jbr\bin\java.dll

dbghelp: loaded successfully - version: 4.0.5 - missing functions: none
symbol engine: initialized successfully - sym options: 0x614 - pdb path: .;D:\PyCharm Community Edition 2023.1.3\jbr\bin;C:\Windows\SYSTEM32;C:\Windows\WinSxS\amd64_microsoft.windows.common-controls_6595b64144ccf1df_6.0.19041.1110_none_60b5254171f9507e;D:\PyCharm Community Edition 2023.1.3\jbr\bin\server

VM Arguments:
java_command: git4idea.http.GitAskPassApp Username for 'https://github.com': 
java_class_path (initial): D:/PyCharm Community Edition 2023.1.3/plugins/vcs-git/lib/git4idea-rt.jar;D:/PyCharm Community Edition 2023.1.3/lib/externalProcess-rt.jar
Launcher Type: SUN_STANDARD

[Global flags]
     intx CICompilerCount                          = 4                                         {product} {ergonomic}
     uint ConcGCThreads                            = 3                                         {product} {ergonomic}
     uint G1ConcRefinementThreads                  = 10                                        {product} {ergonomic}
   size_t G1HeapRegionSize                         = 1048576                                   {product} {ergonomic}
    uintx GCDrainStackTargetSize                   = 64                                        {product} {ergonomic}
   size_t InitialHeapSize                          = 132120576                                 {product} {ergonomic}
   size_t MarkStackSize                            = 4194304                                   {product} {ergonomic}
   size_t MaxHeapSize                              = 2113929216                                {product} {ergonomic}
   size_t MinHeapDeltaBytes                        = 1048576                                   {product} {ergonomic}
   size_t MinHeapSize                              = 8388608                                   {product} {ergonomic}
    uintx NonNMethodCodeHeapSize                   = 5839372                                {pd product} {ergonomic}
    uintx NonProfiledCodeHeapSize                  = 122909434                              {pd product} {ergonomic}
    uintx ProfiledCodeHeapSize                     = 122909434                              {pd product} {ergonomic}
    uintx ReservedCodeCacheSize                    = 251658240                              {pd product} {ergonomic}
     bool SegmentedCodeCache                       = true                                      {product} {ergonomic}
   size_t SoftMaxHeapSize                          = 2113929216                             {manageable} {ergonomic}
     bool UseCompressedClassPointers               = true                           {product lp64_product} {ergonomic}
     bool UseCompressedOops                        = true                           {product lp64_product} {ergonomic}
     bool UseG1GC                                  = true                                      {product} {ergonomic}
     bool UseLargePagesIndividualAllocation        = false                                  {pd product} {ergonomic}

Logging:
Log output configuration:
 #0: stdout all=warning uptime,level,tags
 #1: stderr all=off uptime,level,tags

Environment Variables:
PATH=C:/Program Files/Git/mingw64/libexec/git-core;C:/Program Files/Git/mingw64/libexec/git-core;C:\Program Files\Git\mingw64\bin;C:\Program Files\Git\usr\bin;C:\Users\Leviathan\bin;D:\Anaconda\envs\gail;D:\Anaconda\envs\gail\Library\mingw-w64\bin;D:\Anaconda\envs\gail\Library\usr\bin;D:\Anaconda\envs\gail\Library\bin;D:\Anaconda\envs\gail\Scripts;D:\Anaconda\envs\gail\bin;D:\Anaconda\condabin;D:\Anaconda;D:\Anaconda\Library\mingw-w64\bin;D:\Anaconda\Library\usr\bin;D:\Anaconda\Library\bin;D:\Anaconda\Scripts;C:\Windows\system32;C:\Windows;C:\Windows\System32\Wbem;C:\Windows\System32\WindowsPowerShell\v1.0;C:\Windows\System32\OpenSSH;C:\Program Files (x86)\NVIDIA Corporation\PhysX\Common;C:\Program Files\NVIDIA Corporation\NVIDIA NvDLISR;C:\Program Files\dotnet;D:\MATLAB2023a\bin;C:\Program Files (x86)\Eclipse\Sumo\bin;C:\Program Files (x86)\Eclipse\Sumo\tools;C:\Program Files (x86)\Eclipse\Sumo;C:\Program Files\Git\cmd;C:\Users\Leviathan\AppData\Local\Microsoft\WindowsApps;D:\PyCharm 2021.2.3\bin;.;C:\Users\Leviathan\.dotnet\tools;C:\Program Files (x86)\Eclipse\Sumo\tools;C:\Program Files (x86)\Eclipse\Sumo;C:\Program Files (x86)\Eclipse\Sumo\bin;.;D:\PyCharm Community Edition 2023.1.3\bin;.
USERNAME=Leviathan
DISPLAY=:0.0
LC_ALL=en_US.UTF-8
TERM=xterm-256color
TMPDIR=C:\Users\LEVIAT~1\AppData\Local\Temp
OS=Windows_NT
PROCESSOR_IDENTIFIER=Intel64 Family 6 Model 167 Stepping 1, GenuineIntel
TMP=C:\Users\LEVIAT~1\AppData\Local\Temp
TEMP=C:\Users\LEVIAT~1\AppData\Local\Temp


JNI global refs:

[error occurred during error reporting (JNI global references), id 0xc0000005, EXCEPTION_ACCESS_VIOLATION (0xc0000005) at pc=0x00007ff96b657fc0]


---------------  S Y S T E M  ---------------

OS:
 Windows 10 , 64 bit Build 19041 (10.0.19041.3031)
OS uptime: 4 days 18:32 hours

CPU: total 12 (initial active 12) (6 cores per cpu, 2 threads per core) family 6 model 167 stepping 1 microcode 0x40, cx8, cmov, fxsr, ht, mmx, 3dnowpref, sse, sse2, sse3, ssse3, sse4.1, sse4.2, popcnt, lzcnt, tsc, tscinvbit, avx, avx2, aes, erms, clmul, bmi1, bmi2, adx, avx512f, avx512dq, avx512cd, avx512bw, avx512vl, sha, fma, vzeroupper, avx512_vpopcntdq, avx512_vpclmulqdq, avx512_vaes, avx512_vnni, clflush, clflushopt, avx512_vbmi2, avx512_vbmi

Memory: 4k page, system-wide physical 8061M (352M free)
TotalPageFile size 20861M (AvailPageFile size 8M)
current process WorkingSet (physical memory assigned to process): 10M, peak: 10M
current process commit charge ("private bytes"): 64M, peak: 190M

vm_info: OpenJDK 64-Bit Server VM (17.0.7+10-b829.16) for windows-amd64 JRE (17.0.7+10-b829.16), built on 2023-06-02 by "builduser" with MS VC++ 16.10 / 16.11 (VS2019)

END.
